Performing C SOURCE FILE Test CMAKE_HAVE_LIBC_PTHREAD failed with the following output:
Change Dir: /home/ryantang/Gamma_6MeV_build/CMakeFiles/CMakeTmp

Run Build Command(s):/usr/bin/make cmTC_14f3e/fast && /usr/bin/make  -f CMakeFiles/cmTC_14f3e.dir/build.make CMakeFiles/cmTC_14f3e.dir/build
make[1]: Entering directory '/home/ryantang/Gamma_6MeV_build/CMakeFiles/CMakeTmp'
Building C object CMakeFiles/cmTC_14f3e.dir/src.c.o
/usr/bin/cc -DCMAKE_HAVE_LIBC_PTHREAD   -o CMakeFiles/cmTC_14f3e.dir/src.c.o -c /home/ryantang/Gamma_6MeV_build/CMakeFiles/CMakeTmp/src.c
Linking C executable cmTC_14f3e
/usr/bin/cmake -E cmake_link_script CMakeFiles/cmTC_14f3e.dir/link.txt --verbose=1
/usr/bin/cc CMakeFiles/cmTC_14f3e.dir/src.c.o -o cmTC_14f3e 
CMakeFiles/cmTC_14f3e.dir/src.c.o: In function `main':
src.c:(.text+0x3e): undefined reference to `pthread_create'
src.c:(.text+0x4a): undefined reference to `pthread_detach'
src.c:(.text+0x56): undefined reference to `pthread_cancel'
src.c:(.text+0x67): undefined reference to `pthread_join'
src.c:(.text+0x7b): undefined reference to `pthread_atfork'
collect2: error: ld returned 1 exit status
CMakeFiles/cmTC_14f3e.dir/build.make:105: recipe for target 'cmTC_14f3e' failed
make[1]: *** [cmTC_14f3e] Error 1
make[1]: Leaving directory '/home/ryantang/Gamma_6MeV_build/CMakeFiles/CMakeTmp'
Makefile:140: recipe for target 'cmTC_14f3e/fast' failed
make: *** [cmTC_14f3e/fast] Error 2


Source file was:
#include <pthread.h>

static void* test_func(void* data)
{
  return data;
}

int main(void)
{
  pthread_t thread;
  pthread_create(&thread, NULL, test_func, NULL);
  pthread_detach(thread);
  pthread_cancel(thread);
  pthread_join(thread, NULL);
  pthread_atfork(NULL, NULL, NULL);
  pthread_exit(NULL);

  return 0;
}

